        -:    0:Source:dominion.c
        -:    0:Graph:dominion.gcno
        -:    0:Data:dominion.gcda
        -:    0:Runs:5
        -:    0:Programs:5
        -:    1:#include "dominion.h"
        -:    2:#include "dominion_helpers.h"
        -:    3:#include "rngs.h"
        -:    4:#include <stdio.h>
        -:    5:#include <math.h>
        -:    6:#include <stdlib.h>
        -:    7:
      238:    8:int compare(const void* a, const void* b) {
      238:    9:  if (*(int*)a > *(int*)b)
       20:   10:    return 1;
      218:   11:  if (*(int*)a < *(int*)b)
       58:   12:    return -1;
      160:   13:  return 0;
        -:   14:}
        -:   15:
    #####:   16:struct gameState* newGame() {
    #####:   17:  struct gameState* g = malloc(sizeof(struct gameState));
    #####:   18:  return g;
        -:   19:}
        -:   20:
    #####:   21:int* kingdomCards(int k1, int k2, int k3, int k4, int k5, int k6, int k7,
        -:   22:		  int k8, int k9, int k10) {
    #####:   23:  int* k = malloc(10 * sizeof(int));
    #####:   24:  k[0] = k1;
    #####:   25:  k[1] = k2;
    #####:   26:  k[2] = k3;
    #####:   27:  k[3] = k4;
    #####:   28:  k[4] = k5;
    #####:   29:  k[5] = k6;
    #####:   30:  k[6] = k7;
    #####:   31:  k[7] = k8;
    #####:   32:  k[8] = k9;
    #####:   33:  k[9] = k10;
    #####:   34:  return k;
        -:   35:}
        -:   36:
        5:   37:int initializeGame(int numPlayers, int kingdomCards[10], int randomSeed,
        -:   38:		   struct gameState *state) {
        -:   39:
        -:   40:  int i;
        -:   41:  int j;
        -:   42:  int it;			
        -:   43:  //set up random number generator
        5:   44:  SelectStream(1);
        5:   45:  PutSeed((long)randomSeed);
        -:   46:  
        -:   47:  //check number of players
        5:   48:  if (numPlayers > MAX_PLAYERS || numPlayers < 2)
        -:   49:    {
    #####:   50:      return -1;
        -:   51:    }
        -:   52:
        -:   53:  //set number of players
        5:   54:  state->numPlayers = numPlayers;
        -:   55:
        -:   56:  //check selected kingdom cards are different
       55:   57:  for (i = 0; i < 10; i++)
        -:   58:    {
      550:   59:      for (j = 0; j < 10; j++)
        -:   60:        {
      500:   61:	  if (j != i && kingdomCards[j] == kingdomCards[i])
        -:   62:	    {
    #####:   63:	      return -1;
        -:   64:	    }
        -:   65:        }
        -:   66:    }
        -:   67:
        -:   68:
        -:   69:  //initialize supply
        -:   70:  ///////////////////////////////
        -:   71:
        -:   72:  //set number of Curse cards
        5:   73:  if (numPlayers == 2)
        -:   74:    {
        5:   75:      state->supplyCount[curse] = 10;
        -:   76:    }
    #####:   77:  else if (numPlayers == 3)
        -:   78:    {
    #####:   79:      state->supplyCount[curse] = 20;
        -:   80:    }
        -:   81:  else
        -:   82:    {
    #####:   83:      state->supplyCount[curse] = 30;
        -:   84:    }
        -:   85:
        -:   86:  //set number of Victory cards
        5:   87:  if (numPlayers == 2)
        -:   88:    {
        5:   89:      state->supplyCount[estate] = 8;
        5:   90:      state->supplyCount[duchy] = 8;
        5:   91:      state->supplyCount[province] = 8;
        -:   92:    }
        -:   93:  else
        -:   94:    {
    #####:   95:      state->supplyCount[estate] = 12;
    #####:   96:      state->supplyCount[duchy] = 12;
    #####:   97:      state->supplyCount[province] = 12;
        -:   98:    }
        -:   99:
        -:  100:  //set number of Treasure cards
        5:  101:  state->supplyCount[copper] = 60 - (7 * numPlayers);
        5:  102:  state->supplyCount[silver] = 40;
        5:  103:  state->supplyCount[gold] = 30;
        -:  104:
        -:  105:  //set number of Kingdom cards
      105:  106:  for (i = adventurer; i <= treasure_map; i++)       	//loop all cards
        -:  107:    {
      825:  108:      for (j = 0; j < 10; j++)           		//loop chosen cards
        -:  109:	{
      775:  110:	  if (kingdomCards[j] == i)
        -:  111:	    {
        -:  112:	      //check if card is a 'Victory' Kingdom card
       50:  113:	      if (kingdomCards[j] == great_hall || kingdomCards[j] == gardens)
        -:  114:		{
       16:  115:		  if (numPlayers == 2){ 
        8:  116:		    state->supplyCount[i] = 8; 
        -:  117:		  }
    #####:  118:		  else{ state->supplyCount[i] = 12; }
        -:  119:		}
        -:  120:	      else
        -:  121:		{
       42:  122:		  state->supplyCount[i] = 10;
        -:  123:		}
       50:  124:	      break;
        -:  125:	    }
        -:  126:	  else    //card is not in the set choosen for the game
        -:  127:	    {
      725:  128:	      state->supplyCount[i] = -1;
        -:  129:	    }
        -:  130:	}
        -:  131:
        -:  132:    }
        -:  133:
        -:  134:  ////////////////////////
        -:  135:  //supply intilization complete
        -:  136:
        -:  137:  //set player decks
       15:  138:  for (i = 0; i < numPlayers; i++)
        -:  139:    {
       10:  140:      state->deckCount[i] = 0;
       40:  141:      for (j = 0; j < 3; j++)
        -:  142:	{
       30:  143:	  state->deck[i][j] = estate;
       30:  144:	  state->deckCount[i]++;
        -:  145:	}
       80:  146:      for (j = 3; j < 10; j++)
        -:  147:	{
       70:  148:	  state->deck[i][j] = copper;
       70:  149:	  state->deckCount[i]++;		
        -:  150:	}
        -:  151:    }
        -:  152:
        -:  153:  //shuffle player decks
       15:  154:  for (i = 0; i < numPlayers; i++)
        -:  155:    {
       10:  156:      if ( shuffle(i, state) < 0 )
        -:  157:	{
    #####:  158:	  return -1;
        -:  159:	}
        -:  160:    }
        -:  161:
        -:  162:  //draw player hands
       15:  163:  for (i = 0; i < numPlayers; i++)
        -:  164:    {  
        -:  165:      //initialize hand size to zero
       10:  166:      state->handCount[i] = 0;
       10:  167:      state->discardCount[i] = 0;
        -:  168:      //draw 5 cards
        -:  169:      // for (j = 0; j < 5; j++)
        -:  170:      //	{
        -:  171:      //	  drawCard(i, state);
        -:  172:      //	}
        -:  173:    }
        -:  174:  
        -:  175:  //set embargo tokens to 0 for all supply piles
      140:  176:  for (i = 0; i <= treasure_map; i++)
        -:  177:    {
      135:  178:      state->embargoTokens[i] = 0;
        -:  179:    }
        -:  180:
        -:  181:  //initialize first player's turn
        5:  182:  state->outpostPlayed = 0;
        5:  183:  state->phase = 0;
        5:  184:  state->numActions = 1;
        5:  185:  state->numBuys = 1;
        5:  186:  state->playedCardCount = 0;
        5:  187:  state->whoseTurn = 0;
        5:  188:  state->handCount[state->whoseTurn] = 0;
        -:  189:  //int it; move to top
        -:  190:
        -:  191:  //Moved draw cards to here, only drawing at the start of a turn
       30:  192:  for (it = 0; it < 5; it++){
       25:  193:    drawCard(state->whoseTurn, state);
        -:  194:  }
        -:  195:
        5:  196:  updateCoins(state->whoseTurn, state, 0);
        -:  197:
        5:  198:  return 0;
        -:  199:}
        -:  200:
       11:  201:int shuffle(int player, struct gameState *state) {
        -:  202: 
        -:  203:
        -:  204:  int newDeck[MAX_DECK];
       11:  205:  int newDeckPos = 0;
        -:  206:  int card;
        -:  207:  int i;
        -:  208:
       11:  209:  if (state->deckCount[player] < 1)
    #####:  210:    return -1;
       11:  211:  qsort ((void*)(state->deck[player]), state->deckCount[player], sizeof(int), compare); 
        -:  212:  /* SORT CARDS IN DECK TO ENSURE DETERMINISM! */
        -:  213:
      132:  214:  while (state->deckCount[player] > 0) {
      110:  215:    card = floor(Random() * state->deckCount[player]);
      110:  216:    newDeck[newDeckPos] = state->deck[player][card];
      110:  217:    newDeckPos++;
      385:  218:    for (i = card; i < state->deckCount[player]-1; i++) {
      275:  219:      state->deck[player][i] = state->deck[player][i+1];
        -:  220:    }
      110:  221:    state->deckCount[player]--;
        -:  222:  }
      121:  223:  for (i = 0; i < newDeckPos; i++) {
      110:  224:    state->deck[player][i] = newDeck[i];
      110:  225:    state->deckCount[player]++;
        -:  226:  }
        -:  227:
       11:  228:  return 0;
        -:  229:}
        -:  230:
    #####:  231:int playCard(int handPos, int choice1, int choice2, int choice3, struct gameState *state) 
        -:  232:{	
        -:  233:  int card;
    #####:  234:  int coin_bonus = 0; 		//tracks coins gain from actions
        -:  235:
        -:  236:  //check if it is the right phase
    #####:  237:  if (state->phase != 0)
        -:  238:    {
    #####:  239:      return -1;
        -:  240:    }
        -:  241:	
        -:  242:  //check if player has enough actions
    #####:  243:  if ( state->numActions < 1 )
        -:  244:    {
    #####:  245:      return -1;
        -:  246:    }
        -:  247:	
        -:  248:  //get card played
    #####:  249:  card = handCard(handPos, state);
        -:  250:	
        -:  251:  //check if selected card is an action
    #####:  252:  if ( card < adventurer || card > treasure_map )
        -:  253:    {
    #####:  254:      return -1;
        -:  255:    }
        -:  256:	
        -:  257:  //play card
    #####:  258:  if ( cardEffect(card, choice1, choice2, choice3, state, handPos, &coin_bonus) < 0 )
        -:  259:    {
    #####:  260:      return -1;
        -:  261:    }
        -:  262:	
        -:  263:  //reduce number of actions
    #####:  264:  state->numActions--;
        -:  265:
        -:  266:  //update coins (Treasure cards may be added with card draws)
    #####:  267:  updateCoins(state->whoseTurn, state, coin_bonus);
        -:  268:	
    #####:  269:  return 0;
        -:  270:}
        -:  271:
        8:  272:int buyCard(int supplyPos, struct gameState *state) {
        -:  273:  int who;
        -:  274:  if (DEBUG){
        -:  275:    printf("Entering buyCard...\n");
        -:  276:  }
        -:  277:
        -:  278:  // I don't know what to do about the phase thing.
        -:  279:
        8:  280:  who = state->whoseTurn;
        -:  281:
        8:  282:  if (state->numBuys < 1){
        -:  283:    if (DEBUG)
        -:  284:      printf("You do not have any buys left\n");
        1:  285:    return -1;
        7:  286:  } else if (supplyCount(supplyPos, state) <1){
        -:  287:    if (DEBUG)
        -:  288:      printf("There are not any of that type of card left\n");
        1:  289:    return -1;
        6:  290:  } else if (state->coins < getCost(supplyPos)){
        -:  291:    if (DEBUG) 
        -:  292:      printf("You do not have enough money to buy that. You have %d coins.\n", state->coins);
        1:  293:    return -1;
        -:  294:  } else {
        5:  295:    state->phase=1;
        -:  296:    //state->supplyCount[supplyPos]--;
        5:  297:    gainCard(supplyPos, state, 0, who); //card goes in discard, this might be wrong.. (2 means goes into hand, 0 goes into discard)
        -:  298:  
        5:  299:    state->coins = (state->coins) - (getCost(supplyPos));
        5:  300:    state->numBuys--;
        -:  301:    if (DEBUG)
        -:  302:      printf("You bought card number %d for %d coins. You now have %d buys and %d coins.\n", supplyPos, getCost(supplyPos), state->numBuys, state->coins);
        -:  303:  }
        -:  304:
        -:  305:  //state->discard[who][state->discardCount[who]] = supplyPos;
        -:  306:  //state->discardCount[who]++;
        -:  307:    
        5:  308:  return 0;
        -:  309:}
        -:  310:
    #####:  311:int numHandCards(struct gameState *state) {
    #####:  312:  return state->handCount[ whoseTurn(state) ];
        -:  313:}
        -:  314:
    #####:  315:int handCard(int handPos, struct gameState *state) {
    #####:  316:  int currentPlayer = whoseTurn(state);
    #####:  317:  return state->hand[currentPlayer][handPos];
        -:  318:}
        -:  319:
       17:  320:int supplyCount(int card, struct gameState *state) {
       17:  321:  return state->supplyCount[card];
        -:  322:}
        -:  323:
    #####:  324:int fullDeckCount(int player, int card, struct gameState *state) {
        -:  325:  int i;
    #####:  326:  int count = 0;
        -:  327:
    #####:  328:  for (i = 0; i < state->deckCount[player]; i++)
        -:  329:    {
    #####:  330:      if (state->deck[player][i] == card) count++;
        -:  331:    }
        -:  332:
    #####:  333:  for (i = 0; i < state->handCount[player]; i++)
        -:  334:    {
    #####:  335:      if (state->hand[player][i] == card) count++;
        -:  336:    }
        -:  337:
    #####:  338:  for (i = 0; i < state->discardCount[player]; i++)
        -:  339:    {
    #####:  340:      if (state->discard[player][i] == card) count++;
        -:  341:    }
        -:  342:
    #####:  343:  return count;
        -:  344:}
        -:  345:
        1:  346:int whoseTurn(struct gameState *state) {
        1:  347:  return state->whoseTurn;
        -:  348:}
        -:  349:
    #####:  350:int endTurn(struct gameState *state) {
        -:  351:  int k;
        -:  352:  int i;
    #####:  353:  int currentPlayer = whoseTurn(state);
        -:  354:  
        -:  355:  //Discard hand
    #####:  356:  for (i = 0; i < state->handCount[currentPlayer]; i++){
    #####:  357:    state->discard[currentPlayer][state->discardCount[currentPlayer]++] = state->hand[currentPlayer][i];//Discard
    #####:  358:    state->hand[currentPlayer][i] = -1;//Set card to -1
        -:  359:  }
    #####:  360:  state->handCount[currentPlayer] = 0;//Reset hand count
        -:  361:    
        -:  362:  //Code for determining the player
    #####:  363:  if (currentPlayer < (state->numPlayers - 1)){ 
    #####:  364:    state->whoseTurn = currentPlayer + 1;//Still safe to increment
        -:  365:  }
        -:  366:  else{
    #####:  367:    state->whoseTurn = 0;//Max player has been reached, loop back around to player 1
        -:  368:  }
        -:  369:
    #####:  370:  state->outpostPlayed = 0;
    #####:  371:  state->phase = 0;
    #####:  372:  state->numActions = 1;
    #####:  373:  state->coins = 0;
    #####:  374:  state->numBuys = 1;
    #####:  375:  state->playedCardCount = 0;
    #####:  376:  state->handCount[state->whoseTurn] = 0;
        -:  377:
        -:  378:  //int k; move to top
        -:  379:  //Next player draws hand
    #####:  380:  for (k = 0; k < 5; k++){
    #####:  381:    drawCard(state->whoseTurn, state);//Draw a card
        -:  382:  }
        -:  383:
        -:  384:  //Update money
    #####:  385:  updateCoins(state->whoseTurn, state , 0);
        -:  386:
    #####:  387:  return 0;
        -:  388:}
        -:  389:
    #####:  390:int isGameOver(struct gameState *state) {
        -:  391:  int i;
        -:  392:  int j;
        -:  393:	
        -:  394:  //if stack of Province cards is empty, the game ends
    #####:  395:  if (state->supplyCount[province] == 0)
        -:  396:    {
    #####:  397:      return 1;
        -:  398:    }
        -:  399:
        -:  400:  //if three supply pile are at 0, the game ends
    #####:  401:  j = 0;
    #####:  402:  for (i = 0; i < 25; i++)
        -:  403:    {
    #####:  404:      if (state->supplyCount[i] == 0)
        -:  405:	{
    #####:  406:	  j++;
        -:  407:	}
        -:  408:    }
    #####:  409:  if ( j >= 3)
        -:  410:    {
    #####:  411:      return 1;
        -:  412:    }
        -:  413:
    #####:  414:  return 0;
        -:  415:}
        -:  416:
    #####:  417:int scoreFor (int player, struct gameState *state) {
        -:  418:
        -:  419:  int i;
    #####:  420:  int score = 0;
        -:  421:  //score from hand
    #####:  422:  for (i = 0; i < state->handCount[player]; i++)
        -:  423:    {
    #####:  424:      if (state->hand[player][i] == curse) { score = score - 1; };
    #####:  425:      if (state->hand[player][i] == estate) { score = score + 1; };
    #####:  426:      if (state->hand[player][i] == duchy) { score = score + 3; };
    #####:  427:      if (state->hand[player][i] == province) { score = score + 6; };
    #####:  428:      if (state->hand[player][i] == great_hall) { score = score + 1; };
    #####:  429:      if (state->hand[player][i] == gardens) { score = score + ( fullDeckCount(player, 0, state) / 10 ); };
        -:  430:    }
        -:  431:
        -:  432:  //score from discard
    #####:  433:  for (i = 0; i < state->discardCount[player]; i++)
        -:  434:    {
    #####:  435:      if (state->discard[player][i] == curse) { score = score - 1; };
    #####:  436:      if (state->discard[player][i] == estate) { score = score + 1; };
    #####:  437:      if (state->discard[player][i] == duchy) { score = score + 3; };
    #####:  438:      if (state->discard[player][i] == province) { score = score + 6; };
    #####:  439:      if (state->discard[player][i] == great_hall) { score = score + 1; };
    #####:  440:      if (state->discard[player][i] == gardens) { score = score + ( fullDeckCount(player, 0, state) / 10 ); };
        -:  441:    }
        -:  442:
        -:  443:  //score from deck
    #####:  444:  for (i = 0; i < state->discardCount[player]; i++)
        -:  445:    {
    #####:  446:      if (state->deck[player][i] == curse) { score = score - 1; };
    #####:  447:      if (state->deck[player][i] == estate) { score = score + 1; };
    #####:  448:      if (state->deck[player][i] == duchy) { score = score + 3; };
    #####:  449:      if (state->deck[player][i] == province) { score = score + 6; };
    #####:  450:      if (state->deck[player][i] == great_hall) { score = score + 1; };
    #####:  451:      if (state->deck[player][i] == gardens) { score = score + ( fullDeckCount(player, 0, state) / 10 ); };
        -:  452:    }
        -:  453:
    #####:  454:  return score;
        -:  455:}
        -:  456:
    #####:  457:int getWinners(int players[MAX_PLAYERS], struct gameState *state) {
        -:  458:  int i;	
        -:  459:  int j;
        -:  460:  int highScore;
        -:  461:  int currentPlayer;
        -:  462:
        -:  463:  //get score for each player
    #####:  464:  for (i = 0; i < MAX_PLAYERS; i++)
        -:  465:    {
        -:  466:      //set unused player scores to -9999
    #####:  467:      if (i >= state->numPlayers)
        -:  468:	{
    #####:  469:	  players[i] = -9999;
        -:  470:	}
        -:  471:      else
        -:  472:	{
    #####:  473:	  players[i] = scoreFor (i, state);
        -:  474:	}
        -:  475:    }
        -:  476:
        -:  477:  //find highest score
    #####:  478:  j = 0;
    #####:  479:  for (i = 0; i < MAX_PLAYERS; i++)
        -:  480:    {
    #####:  481:      if (players[i] > players[j])
        -:  482:	{
    #####:  483:	  j = i;
        -:  484:	}
        -:  485:    }
    #####:  486:  highScore = players[j];
        -:  487:
        -:  488:  //add 1 to players who had less turns
    #####:  489:  currentPlayer = whoseTurn(state);
    #####:  490:  for (i = 0; i < MAX_PLAYERS; i++)
        -:  491:    {
    #####:  492:      if ( players[i] == highScore && i > currentPlayer )
        -:  493:	{
    #####:  494:	  players[i]++;
        -:  495:	}
        -:  496:    }
        -:  497:
        -:  498:  //find new highest score
    #####:  499:  j = 0;
    #####:  500:  for (i = 0; i < MAX_PLAYERS; i++)
        -:  501:    {
    #####:  502:      if ( players[i] > players[j] )
        -:  503:	{
    #####:  504:	  j = i;
        -:  505:	}
        -:  506:    }
    #####:  507:  highScore = players[j];
        -:  508:
        -:  509:  //set winners in array to 1 and rest to 0
    #####:  510:  for (i = 0; i < MAX_PLAYERS; i++)
        -:  511:    {
    #####:  512:      if ( players[i] == highScore )
        -:  513:	{
    #####:  514:	  players[i] = 1;
        -:  515:	}
        -:  516:      else
        -:  517:	{
    #####:  518:	  players[i] = 0;
        -:  519:	}
        -:  520:    }
        -:  521:
    #####:  522:  return 0;
        -:  523:}
        -:  524:/***************************************************************************************************/
       31:  525:int drawCard(int player, struct gameState *state)
        -:  526:{	int count;
        -:  527:  int deckCounter;
       31:  528:  if (state->deckCount[player] <= 0){//Deck is empty
        -:  529:    
        -:  530:    //Step 1 Shuffle the discard pile back into a deck
        -:  531:    int i;
        -:  532:    //Move discard to deck
       11:  533:    for (i = 0; i < state->discardCount[player];i++){
       10:  534:      state->deck[player][i] = state->discard[player][i];
       10:  535:      state->discard[player][i] = -1;
        -:  536:    }
        -:  537:
        1:  538:    state->deckCount[player] = state->discardCount[player];
        1:  539:    state->discardCount[player] = 0;//Reset discard
        -:  540:
        -:  541:    //Shufffle the deck
        1:  542:    shuffle(player, state);//Shuffle the deck up and make it so that we can draw
        -:  543:   
        -:  544:    if (DEBUG){//Debug statements
        -:  545:      printf("Deck count now: %d\n", state->deckCount[player]);
        -:  546:    }
        -:  547:    
        1:  548:    state->discardCount[player] = 0;
        -:  549:
        -:  550:    //Step 2 Draw Card
        1:  551:    count = state->handCount[player];//Get current player's hand count
        -:  552:    
        -:  553:    if (DEBUG){//Debug statements
        -:  554:      printf("Current hand count: %d\n", count);
        -:  555:    }
        -:  556:    
        1:  557:    deckCounter = state->deckCount[player];//Create a holder for the deck count
        -:  558:
        1:  559:    if (deckCounter == 0)
    #####:  560:      return -1;
        -:  561:
        1:  562:    state->hand[player][count] = state->deck[player][deckCounter - 1];//Add card to hand
        1:  563:    state->deckCount[player]--;
        1:  564:    state->handCount[player]++;//Increment hand count
        -:  565:  }
        -:  566:
        -:  567:  else{
       30:  568:    int count = state->handCount[player];//Get current hand count for player
        -:  569:    int deckCounter;
        -:  570:    if (DEBUG){//Debug statements
        -:  571:      printf("Current hand count: %d\n", count);
        -:  572:    }
        -:  573:
       30:  574:    deckCounter = state->deckCount[player];//Create holder for the deck count
       30:  575:    state->hand[player][count] = state->deck[player][deckCounter - 1];//Add card to the hand
       30:  576:    state->deckCount[player]--;
       30:  577:    state->handCount[player]++;//Increment hand count
        -:  578:  }
        -:  579:
       31:  580:  return 0;
        -:  581:}
        -:  582:/****************************************************************************************************/
        -:  583:
       11:  584:int getCost(int cardNumber)
        -:  585:{
       11:  586:  switch( cardNumber ) 
        -:  587:    {
        -:  588:    case curse:
    #####:  589:      return 0;
        -:  590:    case estate:
    #####:  591:      return 2;
        -:  592:    case duchy:
    #####:  593:      return 5;
        -:  594:    case province:
    #####:  595:      return 8;
        -:  596:    case copper:
    #####:  597:      return 0;
        -:  598:    case silver:
    #####:  599:      return 3;
        -:  600:    case gold:
    #####:  601:      return 6;
        -:  602:    case adventurer:
       11:  603:      return 6;
        -:  604:    case council_room:
    #####:  605:      return 5;
        -:  606:    case feast:
    #####:  607:      return 4;
        -:  608:    case gardens:
    #####:  609:      return 4;
        -:  610:    case mine:
    #####:  611:      return 5;
        -:  612:    case remodel:
    #####:  613:      return 4;
        -:  614:    case smithy:
    #####:  615:      return 4;
        -:  616:    case village:
    #####:  617:      return 3;
        -:  618:    case baron:
    #####:  619:      return 4;
        -:  620:    case great_hall:
    #####:  621:      return 3;
        -:  622:    case minion:
    #####:  623:      return 5;
        -:  624:    case steward:
    #####:  625:      return 3;
        -:  626:    case tribute:
    #####:  627:      return 5;
        -:  628:    case ambassador:
    #####:  629:      return 3;
        -:  630:    case cutpurse:
    #####:  631:      return 4;
        -:  632:    case embargo: 
    #####:  633:      return 2;
        -:  634:    case outpost:
    #####:  635:      return 5;
        -:  636:    case salvager:
    #####:  637:      return 4;
        -:  638:    case sea_hag:
    #####:  639:      return 4;
        -:  640:    case treasure_map:
    #####:  641:      return 4;
        -:  642:    }
        -:  643:	
    #####:  644:  return -1;
        -:  645:}
        -:  646:
        1:  647:int smithyEffect(int player, struct gameState *state)
        -:  648:{
        -:  649:  int i;
        5:  650:  for (i = 0; i <= 3; i++)
        -:  651:  {
        4:  652:    drawCard(player, state);
        -:  653:  }
        1:  654:  return 0;
        -:  655:}
        -:  656:
    #####:  657:int adventurerEffect(int player, struct gameState *state, int* temphand)
        -:  658:{
        -:  659:  int z;
    #####:  660:  int cardDrawn = -999;
    #####:  661:  int drawntreas = 0;
    #####:  662:  while(drawntreas<2){
        -:  663:    //printf("MADE IT TO FIRST WHILE\n");
    #####:  664:    if (state->deckCount[player] <1){//if the deck is empty we need to shuffle discard and add to deck
        -:  665:      //printf("B4 SHUFFLE\n");
    #####:  666:      shuffle(player, state);
        -:  667:      //printf("AFTER SHUFFLE\n");
        -:  668:    }
        -:  669:    //printf("B4 DRAWCARD\n");
    #####:  670:    drawCard(player, state);
        -:  671:    //printf("AFTER CARDDRAWN, B4 ASSIGNING CARDDRAWN VAR\n");
    #####:  672:    cardDrawn = state->hand[player][state->handCount[player]-1];//top card of hand is most recently drawn card.
        -:  673:    //printf("AFTER ASSIGNING CARDDRAWN VAR\n");
    #####:  674:    if (cardDrawn == copper || cardDrawn == silver || cardDrawn == gold)
        -:  675:    {
        -:  676:      //printf("FOUND A TREASURE\n");
    #####:  677:      drawntreas += 1;
        -:  678:      //printf("EXIT TREASURE FOUND\n");
        -:  679:    }
        -:  680:    else{
        -:  681:      //printf("ADDING DRAWN CARD TO HAND\n");
    #####:  682:      temphand[z]= cardDrawn;
        -:  683:      //printf("MANIPUYLATING STATE\n");
    #####:  684:      state->handCount[player]--; //this should just remove the top card (the most recently drawn one).
        -:  685:      //printf("DONE MANIPUYLATING STATE; INC Z\n");
    #####:  686:      z++;
        -:  687:      //printf("DONE INC Z\n");
        -:  688:    }
        -:  689:  }
    #####:  690:  while(z-1>=0){
        -:  691:    //printf("ASSIGNING TEMP DISCARD FROM TEMP HAND 2ND WHILE\n");
    #####:  692:    int tempdiscard = temphand[z-1];
        -:  693:    //printf("MADE IT TO 2ND WHILE; DISCARD CARDS\n");
    #####:  694:    state->discardCount[player] += 1;
        -:  695:    //printf("ADJUSTED DISCARD COUNT\n");
    #####:  696:    state->discard[player][state->discardCount[player]] = tempdiscard; // discard all cards in play that have been drawn
        -:  697:    //printf("DISCARD SUCCESSFUL LOOP AGAIN\n");
    #####:  698:    z=z-1;
        -:  699:  }
        -:  700:  //printf("MADE IT TO END\n");
    #####:  701:  return 0;
        -:  702:}
        -:  703:
    #####:  704:int councilRoomEffect(int player, struct gameState* state) 
        -:  705:{
    #####:  706:  int i = 0;
        -:  707:  //+4 Cards
    #####:  708:  for (i = 0; i < 4; i++)
        -:  709:  {
    #####:  710:    drawCard(player, state);
        -:  711:  }
        -:  712:      
        -:  713:      //+1 Buy
    #####:  714:      state->numBuys+= 11;
        -:  715:      
        -:  716:      //Each other player draws a card
    #####:  717:      for (i = 0; i < state->numPlayers; i++)
        -:  718:  {
    #####:  719:    if ( i != player )
        -:  720:      {
    #####:  721:        drawCard(i, state);
        -:  722:      }
        -:  723:  }
    #####:  724:  return  0;
        -:  725:}
        -:  726:
    #####:  727:int villageEffect(int currentPlayer, struct gameState* state)
        -:  728:{
        -:  729:      //+1 Card
    #####:  730:      drawCard(currentPlayer, state);
        -:  731:      
        -:  732:      //+2 Actions
    #####:  733:      state->numActions = state->numActions - 2;
    #####:  734:      return 0;
        -:  735:}
        -:  736:
    #####:  737:int greatHallEffect(int currentPlayer, struct gameState* state)
        -:  738:{
        -:  739:   //+1 Card
    #####:  740:  drawCard(currentPlayer, state);
        -:  741:      
        -:  742:  //+1 Actions
    #####:  743:  state->numActions++;
        -:  744:
    #####:  745:  return 0;
        -:  746:}
        -:  747:
        1:  748:int cardEffect(int card, int choice1, int choice2, int choice3, struct gameState *state, int handPos, int *bonus)
        -:  749:{
        -:  750:  int i;
        -:  751:  int j;
        -:  752:  int k;
        -:  753:  int x;
        -:  754:  int index;
        1:  755:  int currentPlayer = whoseTurn(state);
        1:  756:  int nextPlayer = currentPlayer + 1;
        -:  757:
        1:  758:  int tributeRevealedCards[2] = {-1, -1};
        -:  759:  int temphand[MAX_HAND];// moved above the if statement
        -:  760:  //int drawntreasure=0;
        -:  761:  //int cardDrawn;
        1:  762:  int z = 0;// this is the counter for the temp hand
        1:  763:  if (nextPlayer > (state->numPlayers - 1)){
    #####:  764:    nextPlayer = 0;
        -:  765:  }
        -:  766:  
        -:  767:	
        -:  768:  //uses switch to select card and perform actions
        1:  769:  switch( card ) 
        -:  770:    {
        -:  771:    case adventurer:
    #####:  772:    if (adventurerEffect(currentPlayer, state, temphand) == 0)
        -:  773:    {
    #####:  774:      return 0;
        -:  775:    }
    #####:  776:    return -1;
        -:  777:			
        -:  778:    case council_room:
    #####:  779:    if (councilRoomEffect(currentPlayer, state) == 0)
        -:  780:    {
        -:  781:      //put played card in played card pile
    #####:  782:      discardCard(handPos, currentPlayer, state, 0);
        -:  783:      
    #####:  784:      return 0;
        -:  785:    }
    #####:  786:    return -1;		
        -:  787:
        -:  788:			
        -:  789:    case feast:
        -:  790:      //gain card with cost up to 5
        -:  791:      //Backup hand
    #####:  792:      for (i = 0; i <= state->handCount[currentPlayer]; i++){
    #####:  793:	temphand[i] = state->hand[currentPlayer][i];//Backup card
    #####:  794:	state->hand[currentPlayer][i] = -1;//Set to nothing
        -:  795:      }
        -:  796:      //Backup hand
        -:  797:
        -:  798:      //Update Coins for Buy
    #####:  799:      updateCoins(currentPlayer, state, 5);
    #####:  800:      x = 1;//Condition to loop on
    #####:  801:      while( x == 1) {//Buy one card
    #####:  802:	if (supplyCount(choice1, state) <= 0){
        -:  803:	  if (DEBUG)
        -:  804:	    printf("None of that card left, sorry!\n");
        -:  805:
        -:  806:	  if (DEBUG){
        -:  807:	    printf("Cards Left: %d\n", supplyCount(choice1, state));
        -:  808:	  }
        -:  809:	}
    #####:  810:	else if (state->coins < getCost(choice1)){
    #####:  811:	  printf("That card is too expensive!\n");
        -:  812:
        -:  813:	  if (DEBUG){
        -:  814:	    printf("Coins: %d < %d\n", state->coins, getCost(choice1));
        -:  815:	  }
        -:  816:	}
        -:  817:	else{
        -:  818:
        -:  819:	  if (DEBUG){
        -:  820:	    printf("Deck Count: %d\n", state->handCount[currentPlayer] + state->deckCount[currentPlayer] + state->discardCount[currentPlayer]);
        -:  821:	  }
        -:  822:
    #####:  823:	  gainCard(choice1, state, 0, currentPlayer);//Gain the card
    #####:  824:	  x = 0;//No more buying cards
        -:  825:
        -:  826:	  if (DEBUG){
        -:  827:	    printf("Deck Count: %d\n", state->handCount[currentPlayer] + state->deckCount[currentPlayer] + state->discardCount[currentPlayer]);
        -:  828:	  }
        -:  829:
        -:  830:	}
        -:  831:      }     
        -:  832:
        -:  833:      //Reset Hand
    #####:  834:      for (i = 0; i <= state->handCount[currentPlayer]; i++){
    #####:  835:	state->hand[currentPlayer][i] = temphand[i];
    #####:  836:	temphand[i] = -1;
        -:  837:      }
        -:  838:      //Reset Hand
        -:  839:      			
    #####:  840:      return 0;
        -:  841:			
        -:  842:    case gardens:
    #####:  843:      return -1;
        -:  844:			
        -:  845:    case mine:
    #####:  846:      j = state->hand[currentPlayer][choice1];  //store card we will trash
        -:  847:
    #####:  848:      if (state->hand[currentPlayer][choice1] < copper || state->hand[currentPlayer][choice1] > gold)
        -:  849:	{
    #####:  850:	  return -1;
        -:  851:	}
        -:  852:		
    #####:  853:      if (choice2 > treasure_map || choice2 < curse)
        -:  854:	{
    #####:  855:	  return -1;
        -:  856:	}
        -:  857:
    #####:  858:      if ( (getCost(state->hand[currentPlayer][choice1]) + 3) > getCost(choice2) )
        -:  859:	{
    #####:  860:	  return -1;
        -:  861:	}
        -:  862:
    #####:  863:      gainCard(choice2, state, 2, currentPlayer);
        -:  864:
        -:  865:      //discard card from hand
    #####:  866:      discardCard(handPos, currentPlayer, state, 0);
        -:  867:
        -:  868:      //discard trashed card
    #####:  869:      for (i = 0; i < state->handCount[currentPlayer]; i++)
        -:  870:	{
    #####:  871:	  if (state->hand[currentPlayer][i] == j)
        -:  872:	    {
    #####:  873:	      discardCard(i, currentPlayer, state, 0);			
    #####:  874:	      break;
        -:  875:	    }
        -:  876:	}
        -:  877:			
    #####:  878:      return 0;
        -:  879:			
        -:  880:    case remodel:
    #####:  881:      j = state->hand[currentPlayer][choice1];  //store card we will trash
        -:  882:
    #####:  883:      if ( (getCost(state->hand[currentPlayer][choice1]) + 2) > getCost(choice2) )
        -:  884:	{
    #####:  885:	  return -1;
        -:  886:	}
        -:  887:
    #####:  888:      gainCard(choice2, state, 0, currentPlayer);
        -:  889:
        -:  890:      //discard card from hand
    #####:  891:      discardCard(handPos, currentPlayer, state, 0);
        -:  892:
        -:  893:      //discard trashed card
    #####:  894:      for (i = 0; i < state->handCount[currentPlayer]; i++)
        -:  895:	{
    #####:  896:	  if (state->hand[currentPlayer][i] == j)
        -:  897:	    {
    #####:  898:	      discardCard(i, currentPlayer, state, 0);			
    #####:  899:	      break;
        -:  900:	    }
        -:  901:	}
        -:  902:
        -:  903:
    #####:  904:      return 0;
        -:  905:/****************************************************************************/
        -:  906:    case smithy:
        -:  907:      //+3 Cards
        1:  908:    if(smithyEffect(currentPlayer, state) == 0)
        -:  909:    {
        -:  910:      /*no errors, discard card*/
        1:  911:      discardCard(handPos, currentPlayer, state, 0);
        1:  912:      return 0;
        -:  913:    }
        -:  914:    else
    #####:  915:      return -1;
        -:  916:/*      for (i = 0; i < 3; i++)
        -:  917:	{
        -:  918:	  drawCard(currentPlayer, state);
        -:  919:	}*/
        -:  920:/****************************************************************************/
        -:  921:			
        -:  922:      //discard card from hand
        -:  923:/*      discardCard(handPos, currentPlayer, state, 0);
        -:  924:      return 0;*/
        -:  925:		
        -:  926:    case village:
    #####:  927:			if (villageEffect(currentPlayer, state) == 0)
        -:  928:      {
        -:  929:        //discard played card from hand
    #####:  930:        discardCard(handPos, currentPlayer, state, 0);
    #####:  931:        return 0;
        -:  932:      }
    #####:  933:      return -1;
        -:  934:		
        -:  935:    case baron:
    #####:  936:      state->numBuys++;//Increase buys by 1!
    #####:  937:      if (choice1 > 0){//Boolean true or going to discard an estate
    #####:  938:	int p = 0;//Iterator for hand!
    #####:  939:	int card_not_discarded = 1;//Flag for discard set!
    #####:  940:	while(card_not_discarded){
    #####:  941:	  if (state->hand[currentPlayer][p] == estate){//Found an estate card!
    #####:  942:	    state->coins += 4;//Add 4 coins to the amount of coins
    #####:  943:	    state->discard[currentPlayer][state->discardCount[currentPlayer]] = state->hand[currentPlayer][p];
    #####:  944:	    state->discardCount[currentPlayer]++;
    #####:  945:	    for (;p < state->handCount[currentPlayer]; p++){
    #####:  946:	      state->hand[currentPlayer][p] = state->hand[currentPlayer][p+1];
        -:  947:	    }
    #####:  948:	    state->hand[currentPlayer][state->handCount[currentPlayer]] = -1;
    #####:  949:	    state->handCount[currentPlayer]--;
    #####:  950:	    card_not_discarded = 0;//Exit the loop
        -:  951:	  }
    #####:  952:	  else if (p > state->handCount[currentPlayer]){
        -:  953:	    if(DEBUG) {
        -:  954:	      printf("No estate cards in your hand, invalid choice\n");
        -:  955:	      printf("Must gain an estate if there are any\n");
        -:  956:	    }
    #####:  957:	    if (supplyCount(estate, state) > 0){
    #####:  958:	      gainCard(estate, state, 0, currentPlayer);
    #####:  959:	      state->supplyCount[estate]--;//Decrement estates
    #####:  960:	      if (supplyCount(estate, state) == 0){
    #####:  961:		isGameOver(state);
        -:  962:	      }
        -:  963:	    }
    #####:  964:	    card_not_discarded = 0;//Exit the loop
        -:  965:	  }
        -:  966:			    
        -:  967:	  else{
    #####:  968:	    p++;//Next card
        -:  969:	  }
        -:  970:	}
        -:  971:      }
        -:  972:			    
        -:  973:      else{
    #####:  974:	if (supplyCount(estate, state) > 0){
    #####:  975:	  gainCard(estate, state, 0, currentPlayer);//Gain an estate
    #####:  976:	  state->supplyCount[estate]--;//Decrement Estates
    #####:  977:	  if (supplyCount(estate, state) == 0){
    #####:  978:	    isGameOver(state);
        -:  979:	  }
        -:  980:	}
        -:  981:      }
        -:  982:	    
        -:  983:      
    #####:  984:      return 0;
        -:  985:		
        -:  986:    case great_hall:
    #####:  987:      if (greatHallEffect(currentPlayer, state) == 0)
        -:  988:      {
        -:  989:        //discard card from hand
    #####:  990:        discardCard(handPos, currentPlayer, state, 0);
    #####:  991:        return 0;
        -:  992:      }
    #####:  993:      return -1;
        -:  994:		
        -:  995:    case minion:
        -:  996:      //+1 action
    #####:  997:      state->numActions++;
        -:  998:			
        -:  999:      //discard card from hand
    #####: 1000:      discardCard(handPos, currentPlayer, state, 0);
        -: 1001:			
    #####: 1002:      if (choice1)		//+2 coins
        -: 1003:	{
    #####: 1004:	  state->coins = state->coins + 2;
        -: 1005:	}
        -: 1006:			
    #####: 1007:      else if (choice2)		//discard hand, redraw 4, other players with 5+ cards discard hand and draw 4
        -: 1008:	{
        -: 1009:	  //discard hand
    #####: 1010:	  while(numHandCards(state) > 0)
        -: 1011:	    {
    #####: 1012:	      discardCard(handPos, currentPlayer, state, 0);
        -: 1013:	    }
        -: 1014:				
        -: 1015:	  //draw 4
    #####: 1016:	  for (i = 0; i < 4; i++)
        -: 1017:	    {
    #####: 1018:	      drawCard(currentPlayer, state);
        -: 1019:	    }
        -: 1020:				
        -: 1021:	  //other players discard hand and redraw if hand size > 4
    #####: 1022:	  for (i = 0; i < state->numPlayers; i++)
        -: 1023:	    {
    #####: 1024:	      if (i != currentPlayer)
        -: 1025:		{
    #####: 1026:		  if ( state->handCount[i] > 4 )
        -: 1027:		    {
        -: 1028:		      //discard hand
    #####: 1029:		      while( state->handCount[i] > 0 )
        -: 1030:			{
    #####: 1031:			  discardCard(handPos, i, state, 0);
        -: 1032:			}
        -: 1033:							
        -: 1034:		      //draw 4
    #####: 1035:		      for (j = 0; j < 4; j++)
        -: 1036:			{
    #####: 1037:			  drawCard(i, state);
        -: 1038:			}
        -: 1039:		    }
        -: 1040:		}
        -: 1041:	    }
        -: 1042:				
        -: 1043:	}
    #####: 1044:      return 0;
        -: 1045:		
        -: 1046:    case steward:
    #####: 1047:      if (choice1 == 1)
        -: 1048:	{
        -: 1049:	  //+2 cards
    #####: 1050:	  drawCard(currentPlayer, state);
    #####: 1051:	  drawCard(currentPlayer, state);
        -: 1052:	}
    #####: 1053:      else if (choice1 == 2)
        -: 1054:	{
        -: 1055:	  //+2 coins
    #####: 1056:	  state->coins = state->coins + 2;
        -: 1057:	}
        -: 1058:      else
        -: 1059:	{
        -: 1060:	  //trash 2 cards in hand
    #####: 1061:	  discardCard(choice2, currentPlayer, state, 1);
    #####: 1062:	  discardCard(choice3, currentPlayer, state, 1);
        -: 1063:	}
        -: 1064:			
        -: 1065:      //discard card from hand
    #####: 1066:      discardCard(handPos, currentPlayer, state, 0);
    #####: 1067:      return 0;
        -: 1068:		
        -: 1069:    case tribute:
    #####: 1070:      if ((state->discardCount[nextPlayer] + state->deckCount[nextPlayer]) <= 1){
    #####: 1071:	if (state->deckCount[nextPlayer] > 0){
    #####: 1072:	  tributeRevealedCards[0] = state->deck[nextPlayer][state->deckCount[nextPlayer]-1];
    #####: 1073:	  state->deckCount[nextPlayer]--;
        -: 1074:	}
    #####: 1075:	else if (state->discardCount[nextPlayer] > 0){
    #####: 1076:	  tributeRevealedCards[0] = state->discard[nextPlayer][state->discardCount[nextPlayer]-1];
    #####: 1077:	  state->discardCount[nextPlayer]--;
        -: 1078:	}
        -: 1079:	else{
        -: 1080:	  //No Card to Reveal
        -: 1081:	  if (DEBUG){
        -: 1082:	    printf("No cards to reveal\n");
        -: 1083:	  }
        -: 1084:	}
        -: 1085:      }
        -: 1086:	    
        -: 1087:      else{
    #####: 1088:	if (state->deckCount[nextPlayer] == 0){
    #####: 1089:	  for (i = 0; i < state->discardCount[nextPlayer]; i++){
    #####: 1090:	    state->deck[nextPlayer][i] = state->discard[nextPlayer][i];//Move to deck
    #####: 1091:	    state->deckCount[nextPlayer]++;
    #####: 1092:	    state->discard[nextPlayer][i] = -1;
    #####: 1093:	    state->discardCount[nextPlayer]--;
        -: 1094:	  }
        -: 1095:			    
    #####: 1096:	  shuffle(nextPlayer,state);//Shuffle the deck
        -: 1097:	} 
    #####: 1098:	tributeRevealedCards[0] = state->deck[nextPlayer][state->deckCount[nextPlayer]-1];
    #####: 1099:	state->deck[nextPlayer][state->deckCount[nextPlayer]--] = -1;
    #####: 1100:	state->deckCount[nextPlayer]--;
    #####: 1101:	tributeRevealedCards[1] = state->deck[nextPlayer][state->deckCount[nextPlayer]-1];
    #####: 1102:	state->deck[nextPlayer][state->deckCount[nextPlayer]--] = -1;
    #####: 1103:	state->deckCount[nextPlayer]--;
        -: 1104:      }    
        -: 1105:		       
    #####: 1106:      if (tributeRevealedCards[0] == tributeRevealedCards[1]){//If we have a duplicate card, just drop one 
    #####: 1107:	state->playedCards[state->playedCardCount] = tributeRevealedCards[1];
    #####: 1108:	state->playedCardCount++;
    #####: 1109:	tributeRevealedCards[1] = -1;
        -: 1110:      }
        -: 1111:
    #####: 1112:      for (i = 0; i <= 2; i ++){
    #####: 1113:	if (tributeRevealedCards[i] == copper || tributeRevealedCards[i] == silver || tributeRevealedCards[i] == gold){//Treasure cards
    #####: 1114:	  state->coins += 2;
        -: 1115:	}
        -: 1116:		    
    #####: 1117:	else if (tributeRevealedCards[i] == estate || tributeRevealedCards[i] == duchy || tributeRevealedCards[i] == province || tributeRevealedCards[i] == gardens || tributeRevealedCards[i] == great_hall){//Victory Card Found
    #####: 1118:	  drawCard(currentPlayer, state);
    #####: 1119:	  drawCard(currentPlayer, state);
        -: 1120:	}
        -: 1121:	else{//Action Card
    #####: 1122:	  state->numActions = state->numActions + 2;
        -: 1123:	}
        -: 1124:      }
        -: 1125:	    
    #####: 1126:      return 0;
        -: 1127:		
        -: 1128:    case ambassador:
    #####: 1129:      j = 0;		//used to check if player has enough cards to discard
        -: 1130:
    #####: 1131:      if (choice2 > 2 || choice2 < 0)
        -: 1132:	{
    #####: 1133:	  return -1;				
        -: 1134:	}
        -: 1135:
    #####: 1136:      if (choice1 == handPos)
        -: 1137:	{
    #####: 1138:	  return -1;
        -: 1139:	}
        -: 1140:
    #####: 1141:      for (i = 0; i < state->handCount[currentPlayer]; i++)
        -: 1142:	{
    #####: 1143:	  if (i != handPos && i == state->hand[currentPlayer][choice1] && i != choice1)
        -: 1144:	    {
    #####: 1145:	      j++;
        -: 1146:	    }
        -: 1147:	}
    #####: 1148:      if (j < choice2)
        -: 1149:	{
    #####: 1150:	  return -1;				
        -: 1151:	}
        -: 1152:
        -: 1153:      if (DEBUG) 
        -: 1154:	printf("Player %d reveals card number: %d\n", currentPlayer, state->hand[currentPlayer][choice1]);
        -: 1155:
        -: 1156:      //increase supply count for choosen card by amount being discarded
    #####: 1157:      state->supplyCount[state->hand[currentPlayer][choice1]] += choice2;
        -: 1158:			
        -: 1159:      //each other player gains a copy of revealed card
    #####: 1160:      for (i = 0; i < state->numPlayers; i++)
        -: 1161:	{
    #####: 1162:	  if (i != currentPlayer)
        -: 1163:	    {
    #####: 1164:	      gainCard(state->hand[currentPlayer][choice1], state, 0, i);
        -: 1165:	    }
        -: 1166:	}
        -: 1167:
        -: 1168:      //discard played card from hand
    #####: 1169:      discardCard(handPos, currentPlayer, state, 0);			
        -: 1170:
        -: 1171:      //trash copies of cards returned to supply
    #####: 1172:      for (j = 0; j < choice2; j++)
        -: 1173:	{
    #####: 1174:	  for (i = 0; i < state->handCount[currentPlayer]; i++)
        -: 1175:	    {
    #####: 1176:	      if (state->hand[currentPlayer][i] == state->hand[currentPlayer][choice1])
        -: 1177:		{
    #####: 1178:		  discardCard(i, currentPlayer, state, 1);
    #####: 1179:		  break;
        -: 1180:		}
        -: 1181:	    }
        -: 1182:	}			
        -: 1183:
    #####: 1184:      return 0;
        -: 1185:		
        -: 1186:    case cutpurse:
        -: 1187:
    #####: 1188:      updateCoins(currentPlayer, state, 2);
    #####: 1189:      for (i = 0; i < state->numPlayers; i++)
        -: 1190:	{
    #####: 1191:	  if (i != currentPlayer)
        -: 1192:	    {
    #####: 1193:	      for (j = 0; j < state->handCount[i]; j++)
        -: 1194:		{
    #####: 1195:		  if (state->hand[i][j] == copper)
        -: 1196:		    {
    #####: 1197:		      discardCard(j, i, state, 0);
    #####: 1198:		      break;
        -: 1199:		    }
    #####: 1200:		  if (j == state->handCount[i])
        -: 1201:		    {
    #####: 1202:		      for (k = 0; k < state->handCount[i]; k++)
        -: 1203:			{
        -: 1204:			  if (DEBUG)
        -: 1205:			    printf("Player %d reveals card number %d\n", i, state->hand[i][k]);
        -: 1206:			}	
    #####: 1207:		      break;
        -: 1208:		    }		
        -: 1209:		}
        -: 1210:					
        -: 1211:	    }
        -: 1212:				
        -: 1213:	}				
        -: 1214:
        -: 1215:      //discard played card from hand
    #####: 1216:      discardCard(handPos, currentPlayer, state, 0);			
        -: 1217:
    #####: 1218:      return 0;
        -: 1219:
        -: 1220:		
        -: 1221:    case embargo: 
        -: 1222:      //+2 Coins
    #####: 1223:      state->coins = state->coins + 2;
        -: 1224:			
        -: 1225:      //see if selected pile is in play
    #####: 1226:      if ( state->supplyCount[choice1] == -1 )
        -: 1227:	{
    #####: 1228:	  return -1;
        -: 1229:	}
        -: 1230:			
        -: 1231:      //add embargo token to selected supply pile
    #####: 1232:      state->embargoTokens[choice1]++;
        -: 1233:			
        -: 1234:      //trash card
    #####: 1235:      discardCard(handPos, currentPlayer, state, 1);		
    #####: 1236:      return 0;
        -: 1237:		
        -: 1238:    case outpost:
        -: 1239:      //set outpost flag
    #####: 1240:      state->outpostPlayed++;
        -: 1241:			
        -: 1242:      //discard card
    #####: 1243:      discardCard(handPos, currentPlayer, state, 0);
    #####: 1244:      return 0;
        -: 1245:		
        -: 1246:    case salvager:
        -: 1247:      //+1 buy
    #####: 1248:      state->numBuys++;
        -: 1249:			
    #####: 1250:      if (choice1)
        -: 1251:	{
        -: 1252:	  //gain coins equal to trashed card
    #####: 1253:	  state->coins = state->coins + getCost( handCard(choice1, state) );
        -: 1254:	  //trash card
    #####: 1255:	  discardCard(choice1, currentPlayer, state, 1);	
        -: 1256:	}
        -: 1257:			
        -: 1258:      //discard card
    #####: 1259:      discardCard(handPos, currentPlayer, state, 0);
    #####: 1260:      return 0;
        -: 1261:		
        -: 1262:    case sea_hag:
    #####: 1263:      for (i = 0; i < state->numPlayers; i++){
    #####: 1264:	if (i != currentPlayer){
    #####: 1265:	  state->discard[i][state->discardCount[i]] = state->deck[i][state->deckCount[i]--];			    state->deckCount[i]--;
    #####: 1266:	  state->discardCount[i]++;
    #####: 1267:	  state->deck[i][state->deckCount[i]--] = curse;//Top card now a curse
        -: 1268:	}
        -: 1269:      }
    #####: 1270:      return 0;
        -: 1271:		
        -: 1272:    case treasure_map:
        -: 1273:      //search hand for another treasure_map
    #####: 1274:      index = -1;
    #####: 1275:      for (i = 0; i < state->handCount[currentPlayer]; i++)
        -: 1276:	{
    #####: 1277:	  if (state->hand[currentPlayer][i] == treasure_map && i != handPos)
        -: 1278:	    {
    #####: 1279:	      index = i;
    #####: 1280:	      break;
        -: 1281:	    }
        -: 1282:	}
    #####: 1283:      if (index > -1)
        -: 1284:	{
        -: 1285:	  //trash both treasure cards
    #####: 1286:	  discardCard(handPos, currentPlayer, state, 1);
    #####: 1287:	  discardCard(index, currentPlayer, state, 1);
        -: 1288:
        -: 1289:	  //gain 4 Gold cards
    #####: 1290:	  for (i = 0; i < 4; i++)
        -: 1291:	    {
    #####: 1292:	      gainCard(gold, state, 1, currentPlayer);
        -: 1293:	    }
        -: 1294:				
        -: 1295:	  //return success
    #####: 1296:	  return 1;
        -: 1297:	}
        -: 1298:			
        -: 1299:      //no second treasure_map found in hand
    #####: 1300:      return -1;
        -: 1301:    }
        -: 1302:	
    #####: 1303:  return -1;
        -: 1304:}
        -: 1305:
        3: 1306:int discardCard(int handPos, int currentPlayer, struct gameState *state, int trashFlag)
        -: 1307:{
        -: 1308:	
        -: 1309:  //if card is not trashed, added to Played pile 
        3: 1310:  if (trashFlag < 1)
        -: 1311:    {
        -: 1312:      //add card to played pile
        2: 1313:      state->playedCards[state->playedCardCount] = state->hand[currentPlayer][handPos]; 
        2: 1314:      state->playedCardCount++;
        -: 1315:    }
        -: 1316:	
        -: 1317:  //set played card to -1
        3: 1318:  state->hand[currentPlayer][handPos] = -1;
        -: 1319:	
        -: 1320:  //remove card from player's hand
        3: 1321:  if ( handPos == (state->handCount[currentPlayer] - 1) ) 	//last card in hand array is played
        -: 1322:    {
        -: 1323:      //reduce number of cards in hand
    #####: 1324:      state->handCount[currentPlayer]--;
        -: 1325:    }
        3: 1326:  else if ( state->handCount[currentPlayer] == 1 ) //only one card in hand
        -: 1327:    {
        -: 1328:      //reduce number of cards in hand
    #####: 1329:      state->handCount[currentPlayer]--;
        -: 1330:    }
        -: 1331:  else 	
        -: 1332:    {
        -: 1333:      //replace discarded card with last card in hand
        3: 1334:      state->hand[currentPlayer][handPos] = state->hand[currentPlayer][ (state->handCount[currentPlayer] - 1)];
        -: 1335:      //set last card to -1
        3: 1336:      state->hand[currentPlayer][state->handCount[currentPlayer] - 1] = -1;
        -: 1337:      //reduce number of cards in hand
        3: 1338:      state->handCount[currentPlayer]--;
        -: 1339:    }
        -: 1340:	
        3: 1341:  return 0;
        -: 1342:}
        -: 1343:
       10: 1344:int gainCard(int supplyPos, struct gameState *state, int toFlag, int player)
        -: 1345:{
        -: 1346:  //Note: supplyPos is enum of choosen card
        -: 1347:	
        -: 1348:  //check if supply pile is empty (0) or card is not used in game (-1)
       10: 1349:  if ( supplyCount(supplyPos, state) < 1 )
        -: 1350:    {
        1: 1351:      return -1;
        -: 1352:    }
        -: 1353:	
        -: 1354:  //added card for [whoseTurn] current player:
        -: 1355:  // toFlag = 0 : add to discard
        -: 1356:  // toFlag = 1 : add to deck
        -: 1357:  // toFlag = 2 : add to hand
        -: 1358:
        9: 1359:  if (toFlag == 1)
        -: 1360:    {
        1: 1361:      state->deck[ player ][ state->deckCount[player] ] = supplyPos;
        1: 1362:      state->deckCount[player]++;
        -: 1363:    }
        8: 1364:  else if (toFlag == 2)
        -: 1365:    {
        2: 1366:      state->hand[ player ][ state->handCount[player] ] = supplyPos;
        2: 1367:      state->handCount[player]++;
        -: 1368:    }
        -: 1369:  else
        -: 1370:    {
        6: 1371:      state->discard[player][ state->discardCount[player] ] = supplyPos;
        6: 1372:      state->discardCount[player]++;
        -: 1373:    }
        -: 1374:	
        -: 1375:  //decrease number in supply pile
        9: 1376:  state->supplyCount[supplyPos]--;
        -: 1377:	 
        9: 1378:  return 0;
        -: 1379:}
        -: 1380:
        5: 1381:int updateCoins(int player, struct gameState *state, int bonus)
        -: 1382:{
        -: 1383:  int i;
        -: 1384:	
        -: 1385:  //reset coin count
        5: 1386:  state->coins = 0;
        -: 1387:
        -: 1388:  //add coins for each Treasure card in player's hand
       30: 1389:  for (i = 0; i < state->handCount[player]; i++)
        -: 1390:    {
       25: 1391:      if (state->hand[player][i] == copper)
        -: 1392:	{
       20: 1393:	  state->coins += 1;
        -: 1394:	}
        5: 1395:      else if (state->hand[player][i] == silver)
        -: 1396:	{
    #####: 1397:	  state->coins += 2;
        -: 1398:	}
        5: 1399:      else if (state->hand[player][i] == gold)
        -: 1400:	{
    #####: 1401:	  state->coins += 3;
        -: 1402:	}	
        -: 1403:    }	
        -: 1404:
        -: 1405:  //add bonus
        5: 1406:  state->coins += bonus;
        -: 1407:
        5: 1408:  return 0;
        -: 1409:}
        -: 1410:
        -: 1411:
        -: 1412://end of dominion.c
        -: 1413:
